<?xml version="1.0" encoding="UTF-8"?>
<!-- Generated by org.testng.reporters.JUnitXMLReporter -->
<testsuite ignored="0" hostname="Mahmoud" failures="0" tests="4" name="Surefire test" time="32.481" errors="0" timestamp="2022-10-03T22:31:20 EET">
  <testcase classname="testcases.LoginTest" name="enterInvalidUserAndInvalidPassword" time="4.461"/>
  <testcase classname="testcases.LoginTest" name="enterInvalidUserAndValidPassword" time="4.868"/>
  <testcase classname="testcases.LoginTest" name="enterValidUserAndInvalidPassword" time="3.545"/>
  <testcase classname="testcases.LoginTest" name="enterValidUserAndValidPassword" time="6.55"/>
</testsuite> <!-- Surefire test -->
