<?xml version="1.0" encoding="UTF-8"?>
<testng-results ignored="0" total="4" passed="4" failed="0" skipped="0">
  <reporter-output>
  </reporter-output>
  <suite started-at="2022-10-03T22:30:48 EET" name="Surefire suite" finished-at="2022-10-03T22:31:20 EET" duration-ms="32481">
    <groups>
    </groups>
    <test started-at="2022-10-03T22:30:48 EET" name="Surefire test" finished-at="2022-10-03T22:31:20 EET" duration-ms="32481">
      <class name="testcases.LoginTest">
        <test-method is-config="true" signature="setup()[pri:0, instance:testcases.LoginTest@74235045]" started-at="2022-10-03T22:30:48 EET" name="setup" finished-at="2022-10-03T22:30:51 EET" duration-ms="3402" status="PASS">
          <reporter-output>
          </reporter-output>
        </test-method> <!-- setup -->
        <test-method signature="enterInvalidUserAndInvalidPassword()[pri:0, instance:testcases.LoginTest@74235045]" started-at="2022-10-03T22:30:51 EET" name="enterInvalidUserAndInvalidPassword" finished-at="2022-10-03T22:30:56 EET" duration-ms="4461" status="PASS">
          <reporter-output>
          </reporter-output>
        </test-method> <!-- enterInvalidUserAndInvalidPassword -->
        <test-method is-config="true" signature="tearDown()[pri:0, instance:testcases.LoginTest@74235045]" started-at="2022-10-03T22:30:56 EET" name="tearDown" finished-at="2022-10-03T22:30:56 EET" duration-ms="609" status="PASS">
          <reporter-output>
          </reporter-output>
        </test-method> <!-- tearDown -->
        <test-method is-config="true" signature="setup()[pri:0, instance:testcases.LoginTest@74235045]" started-at="2022-10-03T22:30:56 EET" name="setup" finished-at="2022-10-03T22:30:59 EET" duration-ms="2318" status="PASS">
          <reporter-output>
          </reporter-output>
        </test-method> <!-- setup -->
        <test-method signature="enterInvalidUserAndValidPassword()[pri:0, instance:testcases.LoginTest@74235045]" started-at="2022-10-03T22:30:59 EET" name="enterInvalidUserAndValidPassword" finished-at="2022-10-03T22:31:04 EET" duration-ms="4868" status="PASS">
          <reporter-output>
          </reporter-output>
        </test-method> <!-- enterInvalidUserAndValidPassword -->
        <test-method is-config="true" signature="tearDown()[pri:0, instance:testcases.LoginTest@74235045]" started-at="2022-10-03T22:31:04 EET" name="tearDown" finished-at="2022-10-03T22:31:04 EET" duration-ms="608" status="PASS">
          <reporter-output>
          </reporter-output>
        </test-method> <!-- tearDown -->
        <test-method is-config="true" signature="setup()[pri:0, instance:testcases.LoginTest@74235045]" started-at="2022-10-03T22:31:04 EET" name="setup" finished-at="2022-10-03T22:31:07 EET" duration-ms="2318" status="PASS">
          <reporter-output>
          </reporter-output>
        </test-method> <!-- setup -->
        <test-method signature="enterValidUserAndInvalidPassword()[pri:0, instance:testcases.LoginTest@74235045]" started-at="2022-10-03T22:31:07 EET" name="enterValidUserAndInvalidPassword" finished-at="2022-10-03T22:31:10 EET" duration-ms="3545" status="PASS">
          <reporter-output>
          </reporter-output>
        </test-method> <!-- enterValidUserAndInvalidPassword -->
        <test-method is-config="true" signature="tearDown()[pri:0, instance:testcases.LoginTest@74235045]" started-at="2022-10-03T22:31:10 EET" name="tearDown" finished-at="2022-10-03T22:31:11 EET" duration-ms="584" status="PASS">
          <reporter-output>
          </reporter-output>
        </test-method> <!-- tearDown -->
        <test-method is-config="true" signature="setup()[pri:0, instance:testcases.LoginTest@74235045]" started-at="2022-10-03T22:31:11 EET" name="setup" finished-at="2022-10-03T22:31:13 EET" duration-ms="2683" status="PASS">
          <reporter-output>
          </reporter-output>
        </test-method> <!-- setup -->
        <test-method signature="enterValidUserAndValidPassword()[pri:0, instance:testcases.LoginTest@74235045]" started-at="2022-10-03T22:31:13 EET" name="enterValidUserAndValidPassword" finished-at="2022-10-03T22:31:20 EET" duration-ms="6550" status="PASS">
          <reporter-output>
          </reporter-output>
        </test-method> <!-- enterValidUserAndValidPassword -->
        <test-method is-config="true" signature="tearDown()[pri:0, instance:testcases.LoginTest@74235045]" started-at="2022-10-03T22:31:20 EET" name="tearDown" finished-at="2022-10-03T22:31:20 EET" duration-ms="514" status="PASS">
          <reporter-output>
          </reporter-output>
        </test-method> <!-- tearDown -->
      </class> <!-- testcases.LoginTest -->
    </test> <!-- Surefire test -->
  </suite> <!-- Surefire suite -->
</testng-results>
